build/outputs/logs/manifest-merger-debug-report.txt
-- Merging decision tree log ---
manifest
ADDED from src/main/AndroidManifest.xml:16:1-82:12
	package
		ADDED from src/main/AndroidManifest.xml:17:11-50
		INJECTED from src/main/AndroidManifest.xml
		INJECTED from src/main/AndroidManifest.xml
	android:versionName
		INJECTED from src/main/AndroidManifest.xml
		INJECTED from src/main/AndroidManifest.xml
	xmlns:android
		ADDED from src/main/AndroidManifest.xml:16:11-69
	android:versionCode
		INJECTED from src/main/AndroidManifest.xml
		INJECTED from src/main/AndroidManifest.xml
uses-feature#android.software.leanback
ADDED from src/main/AndroidManifest.xml:19:5-85
MERGED from [Application:TVUIComponent:0.7.1.201405082137] AndroidManifest.xml:51:5-53:35
	android:required
		ADDED from src/main/AndroidManifest.xml:19:60-83
	android:name
		ADDED from src/main/AndroidManifest.xml:19:19-59
uses-feature#android.hardware.touchscreen
ADDED from src/main/AndroidManifest.xml:20:5-89
MERGED from [Application:TVUIComponent:0.7.1.201405082137] AndroidManifest.xml:48:5-50:36
	android:required
		ADDED from src/main/AndroidManifest.xml:20:63-87
	android:name
		ADDED from src/main/AndroidManifest.xml:20:19-62
uses-permission#com.amazon.permission.media.session.voicecommandcontrol
ADDED from src/main/AndroidManifest.xml:22:5-94
	android:name
		ADDED from src/main/AndroidManifest.xml:22:22-92
uses-permission#android.permission.INTERNET
ADDED from src/main/AndroidManifest.xml:23:5-66
MERGED from [com.google.android.gms:play-services-appinvite:8.1.0] AndroidManifest.xml:19:5-67
MERGED from [com.google.android.gms:play-services-gcm:8.1.0] AndroidManifest.xml:22:5-67
MERGED from [com.google.android.gms:play-services-measurement:8.1.0] AndroidManifest.xml:21:5-67
MERGED from [com.google.android.gms:play-services-analytics:8.1.0] AndroidManifest.xml:21:5-67
MERGED from [com.google.android.gms:play-services-wallet:8.1.0] AndroidManifest.xml:20:5-66
MERGED from [com.google.android.gms:play-services-maps:8.1.0] AndroidManifest.xml:21:5-66
MERGED from [com.google.android.gms:play-services-ads:8.4.0] AndroidManifest.xml:20:5-66
MERGED from [Application:TVUIComponent:0.7.1.201405082137] AndroidManifest.xml:41:5-67
MERGED from [Application:ContentBrowser:unspecified] AndroidManifest.xml:26:5-67
MERGED from [Application:AMZNMediaPlayerComponent:0.7.1.201405082137] AndroidManifest.xml:25:5-67
MERGED from [Application:VastAdsComponent:unspecified] AndroidManifest.xml:25:5-67
MERGED from [Application:Utils:0.7.1.201405082137] AndroidManifest.xml:24:5-67
	android:name
		ADDED from src/main/AndroidManifest.xml:23:22-64
uses-permission#android.permission.ACCESS_NETWORK_STATE
ADDED from src/main/AndroidManifest.xml:24:5-78
MERGED from [com.google.android.gms:play-services-measurement:8.1.0] AndroidManifest.xml:22:5-79
MERGED from [com.google.android.gms:play-services-analytics:8.1.0] AndroidManifest.xml:22:5-79
MERGED from [com.google.android.gms:play-services-nearby:8.1.0] AndroidManifest.xml:19:5-79
MERGED from [com.google.android.gms:play-services-maps:8.1.0] AndroidManifest.xml:20:5-78
MERGED from [com.google.android.gms:play-services-ads:8.4.0] AndroidManifest.xml:21:5-78
MERGED from [Application:TVUIComponent:0.7.1.201405082137] AndroidManifest.xml:43:5-79
MERGED from [Application:ContentBrowser:unspecified] AndroidManifest.xml:28:5-79
MERGED from [Application:AMZNMediaPlayerComponent:0.7.1.201405082137] AndroidManifest.xml:26:5-79
MERGED from [Application:VastAdsComponent:unspecified] AndroidManifest.xml:26:5-79
	android:name
		ADDED from src/main/AndroidManifest.xml:24:22-76
uses-permission#android.permission.ACCESS_WIFI_STATE
ADDED from src/main/AndroidManifest.xml:25:5-75
MERGED from [Application:AMZNMediaPlayerComponent:0.7.1.201405082137] AndroidManifest.xml:27:5-76
	android:name
		ADDED from src/main/AndroidManifest.xml:25:22-73
uses-permission#android.permission.READ_EXTERNAL_STORAGE
ADDED from src/main/AndroidManifest.xml:26:5-80
MERGED from [Application:TVUIComponent:0.7.1.201405082137] AndroidManifest.xml:56:5-80
	android:name
		ADDED from src/main/AndroidManifest.xml:26:22-77
uses-permission#android.permission.WRITE_EXTERNAL_STORAGE
ADDED from src/main/AndroidManifest.xml:27:5-80
MERGED from [com.google.android.gms:play-services-maps:8.1.0] AndroidManifest.xml:22:5-80
MERGED from [Application:TVUIComponent:0.7.1.201405082137] AndroidManifest.xml:55:5-81
MERGED from [Application:AMZNMediaPlayerComponent:0.7.1.201405082137] AndroidManifest.xml:28:5-81
	android:name
		ADDED from src/main/AndroidManifest.xml:27:22-78
application
ADDED from src/main/AndroidManifest.xml:29:5-80:19
MERGED from [com.google.android.gms:play-services:8.1.0] AndroidManifest.xml:19:5-20
MERGED from [com.google.android.gms:play-services-appindexing:8.1.0] AndroidManifest.xml:19:5-20
MERGED from [com.google.android.gms:play-services-appinvite:8.1.0] AndroidManifest.xml:20:5-20
MERGED from [com.google.android.gms:play-services-appstate:8.1.0] AndroidManifest.xml:19:5-20
MERGED from [com.google.android.gms:play-services-cast:8.1.0] AndroidManifest.xml:19:5-20
MERGED from [com.android.support:mediarouter-v7:22.2.0] AndroidManifest.xml:22:5-20
MERGED from [com.google.android.gms:play-services-fitness:8.1.0] AndroidManifest.xml:19:5-20
MERGED from [com.google.android.gms:play-services-games:8.1.0] AndroidManifest.xml:19:5-20
MERGED from [com.google.android.gms:play-services-drive:8.1.0] AndroidManifest.xml:19:5-20
MERGED from [com.google.android.gms:play-services-gcm:8.1.0] AndroidManifest.xml:24:5-20
MERGED from [com.google.android.gms:play-services-location:8.1.0] AndroidManifest.xml:19:5-20
MERGED from [com.google.android.gms:play-services-measurement:8.1.0] AndroidManifest.xml:26:5-46:19
MERGED from [com.google.android.gms:play-services-analytics:8.1.0] AndroidManifest.xml:24:5-20
MERGED from [com.google.android.gms:play-services-nearby:8.1.0] AndroidManifest.xml:20:5-20
MERGED from [com.google.android.gms:play-services-panorama:8.1.0] AndroidManifest.xml:19:5-20
MERGED from [com.google.android.gms:play-services-plus:8.1.0] AndroidManifest.xml:19:5-20
MERGED from [com.google.android.gms:play-services-safetynet:8.1.0] AndroidManifest.xml:19:5-20
MERGED from [com.google.android.gms:play-services-vision:8.1.0] AndroidManifest.xml:5:5-20
MERGED from [com.google.android.gms:play-services-identity:8.1.0] AndroidManifest.xml:19:5-20
MERGED from [com.google.android.gms:play-services-maps:8.1.0] AndroidManifest.xml:28:5-20
MERGED from [com.google.android.gms:play-services-wearable:8.1.0] AndroidManifest.xml:19:5-20
MERGED from [com.mopub:mopub-sdk:4.12.0] AndroidManifest.xml:11:5-20
MERGED from [com.mopub:mopub-sdk-banner:4.12.0] AndroidManifest.xml:11:5-20
MERGED from [com.mopub:mopub-sdk-rewardedvideo:4.12.0] AndroidManifest.xml:11:5-20
MERGED from [com.mopub:mopub-sdk-interstitial:4.12.0] AndroidManifest.xml:11:5-20
MERGED from [com.mopub:mopub-sdk-native-video:4.12.0] AndroidManifest.xml:11:5-20
MERGED from [com.mopub:mopub-sdk-native-static:4.12.0] AndroidManifest.xml:11:5-20
MERGED from [com.mopub:mopub-sdk-base:4.12.0] AndroidManifest.xml:11:5-20
MERGED from [com.facebook.android:facebook-android-sdk:4.11.0] AndroidManifest.xml:28:5-20
MERGED from [com.android.support:cardview-v7:23.2.1] AndroidManifest.xml:22:5-20
MERGED from [com.android.support:customtabs:23.2.1] AndroidManifest.xml:22:5-20
MERGED from [com.google.android.gms:play-services-ads:8.4.0] AndroidManifest.xml:24:5-32:19
MERGED from [com.google.android.gms:play-services-basement:8.4.0] AndroidManifest.xml:20:5-24:19
MERGED from [Application:TVUIComponent:0.7.1.201405082137] AndroidManifest.xml:58:5-78:19
MERGED from [Application:ContentBrowser:unspecified] AndroidManifest.xml:30:5-59:19
MERGED from [com.android.support:recommendation:23.1.1] AndroidManifest.xml:22:5-20
MERGED from [Application:PurchaseInterface:0.7.1.201405082137] AndroidManifest.xml:25:5-28:19
MERGED from [Application:DataLoader:0.7.1.201405082137] AndroidManifest.xml:25:5-47
MERGED from [Application:AMZNMediaPlayerComponent:0.7.1.201405082137] AndroidManifest.xml:30:5-34:19
MERGED from [Application:UAMP:0.7.1.201405082137] AndroidManifest.xml:25:5-26:19
MERGED from [Application:ContentModel:0.7.1.201405082137] AndroidManifest.xml:25:5-26:19
MERGED from [Application:VastAdsComponent:unspecified] AndroidManifest.xml:28:5-32:19
MERGED from [Application:AdsInterface:0.7.1.201405082137] AndroidManifest.xml:25:5-26:19
MERGED from [Application:DynamicParser:0.7.1.201405082137] AndroidManifest.xml:25:5-28:19
MERGED from [Application:PassThroughLoginComponent:0.7.1.201405082137] AndroidManifest.xml:25:5-29:19
MERGED from [Application:AuthInterface:0.7.1.201405082137] AndroidManifest.xml:25:5-47
MERGED from [Application:LoggerAnalyticsComponent:0.7.1.201405082137] AndroidManifest.xml:25:5-31:19
MERGED from [Application:ModuleInterface:0.7.1.201405082137] AndroidManifest.xml:25:5-26:19
MERGED from [Application:AnalyticsInterface:0.7.1.201405082137] AndroidManifest.xml:25:5-28:19
MERGED from [Application:Utils:0.7.1.201405082137] AndroidManifest.xml:26:5-29:19
MERGED from [com.android.support:leanback-v17:23.1.1] AndroidManifest.xml:22:5-20
MERGED from [Application:Calligraphy:unspecified] AndroidManifest.xml:11:5-20
MERGED from [com.android.support:appcompat-v7:24.2.1] AndroidManifest.xml:25:5-20
MERGED from [com.android.support:support-v4:24.2.1] AndroidManifest.xml:25:5-20
MERGED from [com.android.support:support-fragment:24.2.1] AndroidManifest.xml:25:5-20
MERGED from [com.android.support:support-media-compat:24.2.1] AndroidManifest.xml:25:5-20
MERGED from [com.android.support:support-core-ui:24.2.1] AndroidManifest.xml:25:5-20
MERGED from [com.android.support:support-core-utils:24.2.1] AndroidManifest.xml:25:5-20
MERGED from [com.android.support:animated-vector-drawable:24.2.1] AndroidManifest.xml:22:5-20
MERGED from [com.android.support:support-vector-drawable:24.2.1] AndroidManifest.xml:23:5-20
MERGED from [com.android.support:support-compat:24.2.1] AndroidManifest.xml:25:5-20
	android:label
		ADDED from src/main/AndroidManifest.xml:31:13-45
	android:supportsRtl
		ADDED from [Application:PurchaseInterface:0.7.1.201405082137] AndroidManifest.xml:27:9-35
	android:allowBackup
		ADDED from src/main/AndroidManifest.xml:30:13-39
	android:icon
		ADDED from src/main/AndroidManifest.xml:33:13-46
	android:banner
		ADDED from src/main/AndroidManifest.xml:35:13-50
	android:theme
		ADDED from src/main/AndroidManifest.xml:34:13-44
	android:name
		ADDED from src/main/AndroidManifest.xml:32:13-73
meta-data#com.google.android.gms.version
ADDED from src/main/AndroidManifest.xml:37:9-38:69
MERGED from [com.google.android.gms:play-services-basement:8.4.0] AndroidManifest.xml:21:9-23:69
	android:value
		ADDED from src/main/AndroidManifest.xml:38:13-66
	android:name
		ADDED from src/main/AndroidManifest.xml:37:20-65
activity#com.mopub.common.privacy.ConsentDialogActivity
ADDED from src/main/AndroidManifest.xml:41:9-144
	android:configChanges
		ADDED from src/main/AndroidManifest.xml:41:81-142
	android:name
		ADDED from src/main/AndroidManifest.xml:41:19-80
activity#com.mopub.common.MoPubBrowser
ADDED from src/main/AndroidManifest.xml:44:9-127
	android:configChanges
		ADDED from src/main/AndroidManifest.xml:44:64-125
	android:name
		ADDED from src/main/AndroidManifest.xml:44:19-63
activity#com.mopub.mobileads.MoPubActivity
ADDED from src/main/AndroidManifest.xml:47:9-131
	android:configChanges
		ADDED from src/main/AndroidManifest.xml:47:68-129
	android:name
		ADDED from src/main/AndroidManifest.xml:47:19-67
activity#com.mopub.mobileads.MraidActivity
ADDED from src/main/AndroidManifest.xml:48:9-131
	android:configChanges
		ADDED from src/main/AndroidManifest.xml:48:68-129
	android:name
		ADDED from src/main/AndroidManifest.xml:48:19-67
activity#com.mopub.mobileads.RewardedMraidActivity
ADDED from src/main/AndroidManifest.xml:51:9-139
	android:configChanges
		ADDED from src/main/AndroidManifest.xml:51:76-137
	android:name
		ADDED from src/main/AndroidManifest.xml:51:19-75
activity#com.mopub.mobileads.MraidVideoPlayerActivity
ADDED from src/main/AndroidManifest.xml:52:9-142
	android:configChanges
		ADDED from src/main/AndroidManifest.xml:52:79-140
	android:name
		ADDED from src/main/AndroidManifest.xml:52:19-78
activity#com.amazon.android.tv.tenfoot.ui.activities.SplashActivity
ADDED from src/main/AndroidManifest.xml:56:9-79:20
MERGED from [Application:TVUIComponent:0.7.1.201405082137] AndroidManifest.xml:76:9-95
	android:screenOrientation
		ADDED from src/main/AndroidManifest.xml:58:17-54
	android:launchMode
		ADDED from src/main/AndroidManifest.xml:60:17-48
	android:noHistory
		ADDED from src/main/AndroidManifest.xml:59:17-41
	android:name
		ADDED from src/main/AndroidManifest.xml:57:17-90
intent-filter#android.intent.action.MAIN+android.intent.category.LAUNCHER+android.intent.category.LEANBACK_LAUNCHER
ADDED from src/main/AndroidManifest.xml:61:13-65:29
action#android.intent.action.MAIN
ADDED from src/main/AndroidManifest.xml:62:17-68
	android:name
		ADDED from src/main/AndroidManifest.xml:62:25-66
category#android.intent.category.LAUNCHER
ADDED from src/main/AndroidManifest.xml:63:17-76
	android:name
		ADDED from src/main/AndroidManifest.xml:63:27-74
category#android.intent.category.LEANBACK_LAUNCHER
ADDED from src/main/AndroidManifest.xml:64:17-85
	android:name
		ADDED from src/main/AndroidManifest.xml:64:27-83
uses-sdk
INJECTED from src/main/AndroidManifest.xml reason: use-sdk injection requested
MERGED from [com.google.android.gms:play-services:8.1.0] AndroidManifest.xml:18:5-42
MERGED from [com.google.android.gms:play-services-appindexing:8.1.0] AndroidManifest.xml:18:5-42
MERGED from [com.google.android.gms:play-services-appinvite:8.1.0] AndroidManifest.xml:18:5-42
MERGED from [com.google.android.gms:play-services-appstate:8.1.0] AndroidManifest.xml:18:5-42
MERGED from [com.google.android.gms:play-services-cast:8.1.0] AndroidManifest.xml:18:5-42
MERGED from [com.android.support:mediarouter-v7:22.2.0] AndroidManifest.xml:20:5-43
MERGED from [com.google.android.gms:play-services-fitness:8.1.0] AndroidManifest.xml:18:5-42
MERGED from [com.google.android.gms:play-services-games:8.1.0] AndroidManifest.xml:18:5-42
MERGED from [com.google.android.gms:play-services-drive:8.1.0] AndroidManifest.xml:18:5-42
MERGED from [com.google.android.gms:play-services-gcm:8.1.0] AndroidManifest.xml:18:5-42
MERGED from [com.google.android.gms:play-services-location:8.1.0] AndroidManifest.xml:18:5-42
MERGED from [com.google.android.gms:play-services-measurement:8.1.0] AndroidManifest.xml:18:5-42
MERGED from [com.google.android.gms:play-services-analytics:8.1.0] AndroidManifest.xml:18:5-42
MERGED from [com.google.android.gms:play-services-nearby:8.1.0] AndroidManifest.xml:18:5-42
MERGED from [com.google.android.gms:play-services-panorama:8.1.0] AndroidManifest.xml:18:5-42
MERGED from [com.google.android.gms:play-services-plus:8.1.0] AndroidManifest.xml:18:5-42
MERGED from [com.google.android.gms:play-services-safetynet:8.1.0] AndroidManifest.xml:18:5-42
MERGED from [com.google.android.gms:play-services-vision:8.1.0] AndroidManifest.xml:4:5-42
MERGED from [com.google.android.gms:play-services-wallet:8.1.0] AndroidManifest.xml:19:5-42
MERGED from [com.google.android.gms:play-services-identity:8.1.0] AndroidManifest.xml:18:5-42
MERGED from [com.google.android.gms:play-services-maps:8.1.0] AndroidManifest.xml:27:5-42
MERGED from [com.google.android.gms:play-services-wearable:8.1.0] AndroidManifest.xml:18:5-42
MERGED from [com.google.android.gms:play-services-base:8.1.0] AndroidManifest.xml:18:5-42
MERGED from [com.mopub:mopub-sdk:4.12.0] AndroidManifest.xml:7:5-9:41
MERGED from [com.mopub:mopub-sdk-banner:4.12.0] AndroidManifest.xml:7:5-9:41
MERGED from [com.mopub:mopub-sdk-rewardedvideo:4.12.0] AndroidManifest.xml:7:5-9:41
MERGED from [com.mopub:mopub-sdk-interstitial:4.12.0] AndroidManifest.xml:7:5-9:41
MERGED from [com.mopub:mopub-sdk-native-video:4.12.0] AndroidManifest.xml:7:5-9:41
MERGED from [com.mopub:mopub-sdk-native-static:4.12.0] AndroidManifest.xml:7:5-9:41
MERGED from [com.mopub:mopub-sdk-base:4.12.0] AndroidManifest.xml:7:5-9:41
MERGED from [com.google.android.exoplayer:exoplayer:r1.5.6] AndroidManifest.xml:24:5-26:41
MERGED from [com.facebook.android:facebook-android-sdk:4.11.0] AndroidManifest.xml:24:5-26:41
MERGED from [com.android.support:cardview-v7:23.2.1] AndroidManifest.xml:20:5-43
MERGED from [com.android.support:customtabs:23.2.1] AndroidManifest.xml:20:5-44
MERGED from [com.facebook.android:audience-network-sdk:4.11.0] AndroidManifest.xml:8:5-10:41
MERGED from [com.google.android.gms:play-services-ads:8.4.0] AndroidManifest.xml:23:5-42
MERGED from [com.google.android.gms:play-services-basement:8.4.0] AndroidManifest.xml:18:5-42
MERGED from [Application:TVUIComponent:0.7.1.201405082137] AndroidManifest.xml:37:5-39:41
MERGED from [Application:ContentBrowser:unspecified] AndroidManifest.xml:21:5-23:41
MERGED from [com.android.support:recommendation:23.1.1] AndroidManifest.xml:20:5-44
MERGED from [Application:PurchaseInterface:0.7.1.201405082137] AndroidManifest.xml:21:5-23:41
MERGED from [Application:DataLoader:0.7.1.201405082137] AndroidManifest.xml:21:5-23:41
MERGED from [com.squareup.leakcanary:leakcanary-android-no-op:1.4-beta2] AndroidManifest.xml:20:5-22:41
MERGED from [Application:AMZNMediaPlayerComponent:0.7.1.201405082137] AndroidManifest.xml:21:5-23:41
MERGED from [Application:UAMP:0.7.1.201405082137] AndroidManifest.xml:21:5-23:41
MERGED from [Application:ContentModel:0.7.1.201405082137] AndroidManifest.xml:21:5-23:41
MERGED from [Application:VastAdsComponent:unspecified] AndroidManifest.xml:21:5-23:41
MERGED from [Application:AdsInterface:0.7.1.201405082137] AndroidManifest.xml:21:5-23:41
MERGED from [Application:DynamicParser:0.7.1.201405082137] AndroidManifest.xml:21:5-23:41
MERGED from [Application:PassThroughLoginComponent:0.7.1.201405082137] AndroidManifest.xml:21:5-23:41
MERGED from [Application:AuthInterface:0.7.1.201405082137] AndroidManifest.xml:21:5-23:41
MERGED from [Application:LoggerAnalyticsComponent:0.7.1.201405082137] AndroidManifest.xml:21:5-23:41
MERGED from [Application:ModuleInterface:0.7.1.201405082137] AndroidManifest.xml:21:5-23:41
MERGED from [Application:AnalyticsInterface:0.7.1.201405082137] AndroidManifest.xml:21:5-23:41
MERGED from [Application:Utils:0.7.1.201405082137] AndroidManifest.xml:7:5-9:41
MERGED from [com.android.support:leanback-v17:23.1.1] AndroidManifest.xml:20:5-44
MERGED from [com.android.support:recyclerview-v7:23.1.1] AndroidManifest.xml:20:5-43
MERGED from [io.reactivex:rxandroid:1.1.0] AndroidManifest.xml:19:5-43
MERGED from [com.trello:rxlifecycle-components:0.4.0] AndroidManifest.xml:17:5-44
MERGED from [com.trello:rxlifecycle:0.4.0] AndroidManifest.xml:17:5-44
MERGED from [com.jakewharton.rxbinding:rxbinding:0.3.0] AndroidManifest.xml:6:5-44
MERGED from [Application:Calligraphy:unspecified] AndroidManifest.xml:7:5-9:41
MERGED from [com.android.support:appcompat-v7:24.2.1] AndroidManifest.xml:21:5-23:78
MERGED from [com.android.support:support-v4:24.2.1] AndroidManifest.xml:21:5-23:54
MERGED from [com.android.support:support-fragment:24.2.1] AndroidManifest.xml:21:5-23:60
MERGED from [com.android.support:support-media-compat:24.2.1] AndroidManifest.xml:21:5-23:63
MERGED from [com.android.support:support-core-ui:24.2.1] AndroidManifest.xml:21:5-23:58
MERGED from [com.android.support:support-core-utils:24.2.1] AndroidManifest.xml:21:5-23:61
MERGED from [com.android.support:animated-vector-drawable:24.2.1] AndroidManifest.xml:20:5-44
MERGED from [com.android.support:support-vector-drawable:24.2.1] AndroidManifest.xml:21:5-43
MERGED from [com.android.support:support-compat:24.2.1] AndroidManifest.xml:21:5-23:58
	tools:overrideLibrary
		ADDED from [com.android.support:appcompat-v7:24.2.1] AndroidManifest.xml:23:9-75
	android:targetSdkVersion
		INJECTED from src/main/AndroidManifest.xml
		INJECTED from src/main/AndroidManifest.xml
	android:minSdkVersion
		INJECTED from src/main/AndroidManifest.xml
		INJECTED from src/main/AndroidManifest.xml
uses-permission#com.google.android.c2dm.permission.RECEIVE
ADDED from [com.google.android.gms:play-services-gcm:8.1.0] AndroidManifest.xml:21:5-82
	android:name
		ADDED from [com.google.android.gms:play-services-gcm:8.1.0] AndroidManifest.xml:21:22-79
uses-permission#android.permission.WAKE_LOCK
ADDED from [com.google.android.gms:play-services-measurement:8.1.0] AndroidManifest.xml:24:5-67
	android:name
		ADDED from [com.google.android.gms:play-services-measurement:8.1.0] AndroidManifest.xml:24:22-65
provider#com.google.android.gms.measurement.AppMeasurementContentProvider
ADDED from [com.google.android.gms:play-services-measurement:8.1.0] AndroidManifest.xml:28:7-31:37
	android:authorities
		ADDED from [com.google.android.gms:play-services-measurement:8.1.0] AndroidManifest.xml:29:11-76
	android:exported
		ADDED from [com.google.android.gms:play-services-measurement:8.1.0] AndroidManifest.xml:31:11-35
	android:name
		ADDED from [com.google.android.gms:play-services-measurement:8.1.0] AndroidManifest.xml:30:11-90
receiver#com.google.android.gms.measurement.AppMeasurementReceiver
ADDED from [com.google.android.gms:play-services-measurement:8.1.0] AndroidManifest.xml:33:7-39:18
	android:enabled
		ADDED from [com.google.android.gms:play-services-measurement:8.1.0] AndroidManifest.xml:35:11-33
	android:name
		ADDED from [com.google.android.gms:play-services-measurement:8.1.0] AndroidManifest.xml:34:11-83
intent-filter#com.google.android.gms.measurement.UPLOAD
ADDED from [com.google.android.gms:play-services-measurement:8.1.0] AndroidManifest.xml:36:9-38:25
action#com.google.android.gms.measurement.UPLOAD
ADDED from [com.google.android.gms:play-services-measurement:8.1.0] AndroidManifest.xml:37:11-77
	android:name
		ADDED from [com.google.android.gms:play-services-measurement:8.1.0] AndroidManifest.xml:37:19-75
service#com.google.android.gms.measurement.AppMeasurementService
ADDED from [com.google.android.gms:play-services-measurement:8.1.0] AndroidManifest.xml:41:7-44:37
	android:enabled
		ADDED from [com.google.android.gms:play-services-measurement:8.1.0] AndroidManifest.xml:43:11-33
	android:exported
		ADDED from [com.google.android.gms:play-services-measurement:8.1.0] AndroidManifest.xml:44:11-35
	android:name
		ADDED from [com.google.android.gms:play-services-measurement:8.1.0] AndroidManifest.xml:42:11-82
uses-permission#android.permission.GET_ACCOUNTS
ADDED from [com.google.android.gms:play-services-wallet:8.1.0] AndroidManifest.xml:21:5-70
	android:name
		ADDED from [com.google.android.gms:play-services-wallet:8.1.0] AndroidManifest.xml:21:22-68
uses-permission#android.permission.USE_CREDENTIALS
ADDED from [com.google.android.gms:play-services-wallet:8.1.0] AndroidManifest.xml:22:5-73
	android:name
		ADDED from [com.google.android.gms:play-services-wallet:8.1.0] AndroidManifest.xml:22:22-71
uses-feature#0x00020000
ADDED from [com.google.android.gms:play-services-maps:8.1.0] AndroidManifest.xml:23:5-25:33
	android:glEsVersion
		ADDED from [com.google.android.gms:play-services-maps:8.1.0] AndroidManifest.xml:24:8-40
	android:required
		ADDED from [com.google.android.gms:play-services-maps:8.1.0] AndroidManifest.xml:25:8-31
activity#com.google.android.gms.ads.AdActivity
ADDED from [com.google.android.gms:play-services-ads:8.4.0] AndroidManifest.xml:26:9-29:64
	android:configChanges
		ADDED from [com.google.android.gms:play-services-ads:8.4.0] AndroidManifest.xml:28:13-122
	android:theme
		ADDED from [com.google.android.gms:play-services-ads:8.4.0] AndroidManifest.xml:29:13-61
	android:name
		ADDED from [com.google.android.gms:play-services-ads:8.4.0] AndroidManifest.xml:27:13-65
activity#com.google.android.gms.ads.purchase.InAppPurchaseActivity
ADDED from [com.google.android.gms:play-services-ads:8.4.0] AndroidManifest.xml:30:9-31:52
	android:theme
		ADDED from [com.google.android.gms:play-services-ads:8.4.0] AndroidManifest.xml:31:13-50
	android:name
		ADDED from [com.google.android.gms:play-services-ads:8.4.0] AndroidManifest.xml:30:19-91
uses-permission#android.permission.RECEIVE_BOOT_COMPLETED
ADDED from [Application:TVUIComponent:0.7.1.201405082137] AndroidManifest.xml:42:5-81
MERGED from [Application:ContentBrowser:unspecified] AndroidManifest.xml:27:5-81
	android:name
		ADDED from [Application:TVUIComponent:0.7.1.201405082137] AndroidManifest.xml:42:22-78
uses-feature#android.hardware.microphone
ADDED from [Application:TVUIComponent:0.7.1.201405082137] AndroidManifest.xml:45:5-47:36
	android:required
		ADDED from [Application:TVUIComponent:0.7.1.201405082137] AndroidManifest.xml:47:9-33
	android:name
		ADDED from [Application:TVUIComponent:0.7.1.201405082137] AndroidManifest.xml:46:9-51
activity#com.amazon.android.tv.tenfoot.ui.activities.FullContentBrowseActivity
ADDED from [Application:TVUIComponent:0.7.1.201405082137] AndroidManifest.xml:59:9-61:53
	android:screenOrientation
		ADDED from [Application:TVUIComponent:0.7.1.201405082137] AndroidManifest.xml:61:13-50
	android:name
		ADDED from [Application:TVUIComponent:0.7.1.201405082137] AndroidManifest.xml:60:13-97
activity#com.amazon.android.tv.tenfoot.ui.activities.ContentBrowseActivity
ADDED from [Application:TVUIComponent:0.7.1.201405082137] AndroidManifest.xml:62:9-64:53
	android:screenOrientation
		ADDED from [Application:TVUIComponent:0.7.1.201405082137] AndroidManifest.xml:64:13-50
	android:name
		ADDED from [Application:TVUIComponent:0.7.1.201405082137] AndroidManifest.xml:63:13-93
activity#com.amazon.android.tv.tenfoot.ui.activities.ContentDetailsActivity
ADDED from [Application:TVUIComponent:0.7.1.201405082137] AndroidManifest.xml:65:9-74:20
	android:exported
		ADDED from [Application:TVUIComponent:0.7.1.201405082137] AndroidManifest.xml:67:13-36
	android:name
		ADDED from [Application:TVUIComponent:0.7.1.201405082137] AndroidManifest.xml:66:13-94
intent-filter#android.intent.action.VIEW
ADDED from [Application:TVUIComponent:0.7.1.201405082137] AndroidManifest.xml:70:13-73:29
action#android.intent.action.VIEW
ADDED from [Application:TVUIComponent:0.7.1.201405082137] AndroidManifest.xml:71:17-69
	android:name
		ADDED from [Application:TVUIComponent:0.7.1.201405082137] AndroidManifest.xml:71:25-66
activity#com.amazon.android.tv.tenfoot.ui.activities.ContentSearchActivity
ADDED from [Application:TVUIComponent:0.7.1.201405082137] AndroidManifest.xml:75:9-102
	android:name
		ADDED from [Application:TVUIComponent:0.7.1.201405082137] AndroidManifest.xml:75:19-99
activity#com.amazon.android.uamp.ui.PlaybackActivity
ADDED from [Application:TVUIComponent:0.7.1.201405082137] AndroidManifest.xml:77:9-80
	android:name
		ADDED from [Application:TVUIComponent:0.7.1.201405082137] AndroidManifest.xml:77:19-77
uses-permission#com.amazon.device.permission.COMRADE_CAPABILITIES
ADDED from [Application:ContentBrowser:unspecified] AndroidManifest.xml:25:5-89
	android:name
		ADDED from [Application:ContentBrowser:unspecified] AndroidManifest.xml:25:22-86
receiver#com.amazon.android.contentbrowser.recommendations.BootCompletedReceiver
ADDED from [Application:ContentBrowser:unspecified] AndroidManifest.xml:42:9-51:20
	android:enabled
		ADDED from [Application:ContentBrowser:unspecified] AndroidManifest.xml:44:13-35
	android:exported
		ADDED from [Application:ContentBrowser:unspecified] AndroidManifest.xml:45:13-37
	android:name
		ADDED from [Application:ContentBrowser:unspecified] AndroidManifest.xml:43:13-99
intent-filter#android.intent.action.BOOT_COMPLETED+android.intent.action.TIMEZONE_CHANGED+android.intent.action.TIME_SET
ADDED from [Application:ContentBrowser:unspecified] AndroidManifest.xml:46:13-50:29
action#android.intent.action.BOOT_COMPLETED
ADDED from [Application:ContentBrowser:unspecified] AndroidManifest.xml:47:17-79
	android:name
		ADDED from [Application:ContentBrowser:unspecified] AndroidManifest.xml:47:25-76
action#android.intent.action.TIMEZONE_CHANGED
ADDED from [Application:ContentBrowser:unspecified] AndroidManifest.xml:48:17-81
	android:name
		ADDED from [Application:ContentBrowser:unspecified] AndroidManifest.xml:48:25-78
action#android.intent.action.TIME_SET
ADDED from [Application:ContentBrowser:unspecified] AndroidManifest.xml:49:17-73
	android:name
		ADDED from [Application:ContentBrowser:unspecified] AndroidManifest.xml:49:25-70
service#com.amazon.android.contentbrowser.recommendations.UpdateRecommendationsService
ADDED from [Application:ContentBrowser:unspecified] AndroidManifest.xml:53:9-55:38
	android:enabled
		ADDED from [Application:ContentBrowser:unspecified] AndroidManifest.xml:55:13-35
	android:name
		ADDED from [Application:ContentBrowser:unspecified] AndroidManifest.xml:54:13-106
service#com.amazon.android.contentbrowser.recommendations.DeleteRecommendationService
ADDED from [Application:ContentBrowser:unspecified] AndroidManifest.xml:56:9-58:38
	android:enabled
		ADDED from [Application:ContentBrowser:unspecified] AndroidManifest.xml:58:13-35
	android:name
		ADDED from [Application:ContentBrowser:unspecified] AndroidManifest.xml:57:13-105
meta-data#AMZNAP@AMZNPlayer
ADDED from [Application:AMZNMediaPlayerComponent:0.7.1.201405082137] AndroidManifest.xml:31:9-33:93
	android:value
		ADDED from [Application:AMZNMediaPlayerComponent:0.7.1.201405082137] AndroidManifest.xml:33:13-90
	android:name
		ADDED from [Application:AMZNMediaPlayerComponent:0.7.1.201405082137] AndroidManifest.xml:32:13-45
meta-data#AMZNAP@VASTAdsPlayer
ADDED from [Application:VastAdsComponent:unspecified] AndroidManifest.xml:29:9-31:90
	android:value
		ADDED from [Application:VastAdsComponent:unspecified] AndroidManifest.xml:31:13-87
	android:name
		ADDED from [Application:VastAdsComponent:unspecified] AndroidManifest.xml:30:13-48
meta-data#AMZNAP@PassThroughLogin
ADDED from [Application:PassThroughLoginComponent:0.7.1.201405082137] AndroidManifest.xml:26:9-28:111
	android:value
		ADDED from [Application:PassThroughLoginComponent:0.7.1.201405082137] AndroidManifest.xml:28:13-108